Swift trunk swift-r7752 (swift modified locally) cog-r3890 (cog modified locally)
RunID: run001
Warning: The @ syntax for function invocation is deprecated
Progress: Thu, 01 May 2014 19:13:08-0500
Progress: Thu, 01 May 2014 19:13:09-0500  Stage in:4  Submitted:5  Active:1
Progress: Thu, 01 May 2014 19:13:10-0500  Submitted:4  Active:6
Progress: Thu, 01 May 2014 19:13:11-0500  Stage in:3  Submitting:4  Active:3
Progress: Thu, 01 May 2014 19:13:12-0500  Submitted:3  Active:7

Execution failed:
Exception in sh:
    Arguments: [simulate.sh, --timesteps, 1, --range, 100, --nvalues, 5]
    Host: local1
    Directory: p4-run001/jobs/v/sh-vnq9b1ql
	exception @ swift-int-staging.k, line: 186
Caused by: Application /bin/sh failed with an exit code of 2
	exception @ swift-int-staging.k, line: 182
Caused by: Job failed with and exit code of 2
org.globus.cog.abstraction.impl.common.execution.JobException: Job failed with and exit code of 2 (exit code: 2)
	at org.globus.cog.abstraction.coaster.service.local.JobStatusHandler.requestComplete(JobStatusHandler.java:40)
	at org.globus.cog.coaster.handlers.RequestHandler.receiveCompleted(RequestHandler.java:88)
	at org.globus.cog.coaster.channels.AbstractCoasterChannel.handleRequest(AbstractCoasterChannel.java:527)
	at org.globus.cog.coaster.channels.AbstractStreamCoasterChannel.stepNIO(AbstractStreamCoasterChannel.java:238)
	at org.globus.cog.coaster.channels.NIOMultiplexer.loop(NIOMultiplexer.java:97)
	at org.globus.cog.coaster.channels.NIOMultiplexer.run(NIOMultiplexer.java:56)

Caused by: org.globus.cog.abstraction.impl.common.execution.JobException: Job failed with and exit code of 2
org.globus.cog.abstraction.impl.common.execution.JobException: Job failed with and exit code of 2 (exit code: 2)
	at org.globus.cog.abstraction.coaster.service.local.JobStatusHandler.requestComplete(JobStatusHandler.java:40)
	at org.globus.cog.coaster.handlers.RequestHandler.receiveCompleted(RequestHandler.java:88)
	at org.globus.cog.coaster.channels.AbstractCoasterChannel.handleRequest(AbstractCoasterChannel.java:527)
	at org.globus.cog.coaster.channels.AbstractStreamCoasterChannel.stepNIO(AbstractStreamCoasterChannel.java:238)
	at org.globus.cog.coaster.channels.NIOMultiplexer.loop(NIOMultiplexer.java:97)
	at org.globus.cog.coaster.channels.NIOMultiplexer.run(NIOMultiplexer.java:56)
 (exit code: 2)
	k:assign @ swift.k, line: 194
Caused by: Exception in sh:
    Arguments: [simulate.sh, --timesteps, 1, --range, 100, --nvalues, 5]
    Host: local1
    Directory: p4-run001/jobs/v/sh-vnq9b1ql
	exception @ swift-int-staging.k, line: 186
Caused by: Application /bin/sh failed with an exit code of 2
	exception @ swift-int-staging.k, line: 182
Caused by: Job failed with and exit code of 2
org.globus.cog.abstraction.impl.common.execution.JobException: Job failed with and exit code of 2 (exit code: 2)
	at org.globus.cog.abstraction.coaster.service.local.JobStatusHandler.requestComplete(JobStatusHandler.java:40)
	at org.globus.cog.coaster.handlers.RequestHandler.receiveCompleted(RequestHandler.java:88)
	at org.globus.cog.coaster.channels.AbstractCoasterChannel.handleRequest(AbstractCoasterChannel.java:527)
	at org.globus.cog.coaster.channels.AbstractStreamCoasterChannel.stepNIO(AbstractStreamCoasterChannel.java:238)
	at org.globus.cog.coaster.channels.NIOMultiplexer.loop(NIOMultiplexer.java:97)
	at org.globus.cog.coaster.channels.NIOMultiplexer.run(NIOMultiplexer.java:56)

Caused by: org.globus.cog.abstraction.impl.common.execution.JobException: Job failed with and exit code of 2
org.globus.cog.abstraction.impl.common.execution.JobException: Job failed with and exit code of 2 (exit code: 2)
	at org.globus.cog.abstraction.coaster.service.local.JobStatusHandler.requestComplete(JobStatusHandler.java:40)
	at org.globus.cog.coaster.handlers.RequestHandler.receiveCompleted(RequestHandler.java:88)
	at org.globus.cog.coaster.channels.AbstractCoasterChannel.handleRequest(AbstractCoasterChannel.java:527)
	at org.globus.cog.coaster.channels.AbstractStreamCoasterChannel.stepNIO(AbstractStreamCoasterChannel.java:238)
	at org.globus.cog.coaster.channels.NIOMultiplexer.loop(NIOMultiplexer.java:97)
	at org.globus.cog.coaster.channels.NIOMultiplexer.run(NIOMultiplexer.java:56)
 (exit code: 2)
