
Called as: simulate.sh: --timesteps 1 --range 100 --nvalues 5

Start time: Thu May  1 19:21:49 CDT 2014
Running as user: uid=1000(yadu) gid=1000(yadu) groups=1000(yadu),4(adm),24(cdrom),27(sudo),30(dip),46(plugdev),112(lpadmin),124(sambashare)
Running on node: borgmachine
Node IP address: 192.168.0.100 

Simulation parameters:

bias=0
biasfile=none
initseed=none
log=yes
paramfile=none
range=100
scale=1
seedfile=none
timesteps=1
output width=8

Environment:

CLUTTER_IM_MODULE=xim
COLORTERM=gnome-terminal
COMPIZ_CONFIG_PROFILE=ubuntu
DBUS_SESSION_BUS_ADDRESS=unix:abstract=/tmp/dbus-vfsIM3FYeI
DEBEMAIL=yadudoc1729@gmail.com
DEBFULLNAME=Yadu Nand
DEFAULTS_PATH=/usr/share/gconf/ubuntu.default.path
DESKTOP_SESSION=ubuntu
DISPLAY=:0
EXEC=/bin/bash
GDMSESSION=ubuntu
GDM_LANG=en_US
GNOME_DESKTOP_SESSION_ID=this-is-deprecated
GNOME_KEYRING_CONTROL=/run/user/1000/keyring-5BZG4N
GNOME_KEYRING_PID=2099
GPGKEY=01E58D97
GPG_AGENT_INFO=/run/user/1000/keyring-5BZG4N/gpg:0:1
GTK_IM_MODULE=xim
GTK_MODULES=overlay-scrollbar:unity-gtk-module
HOME=/home/yadu
IM_CONFIG_PHASE=1
INSTANCE=Unity
JOB=gnome-session
LANG=C
LANGUAGE=en_US
LESSCLOSE=/usr/bin/lesspipe %s %s
LESSOPEN=| /usr/bin/lesspipe %s
LOGNAME=yadu
LS_COLORS=rs=0:di=01;34:ln=01;36:mh=00:pi=40;33:so=01;35:do=01;35:bd=40;33;01:cd=40;33;01:or=40;31;01:su=37;41:sg=30;43:ca=30;41:tw=30;42:ow=34;42:st=37;44:ex=01;32:*.tar=01;31:*.tgz=01;31:*.arj=01;31:*.taz=01;31:*.lzh=01;31:*.lzma=01;31:*.tlz=01;31:*.txz=01;31:*.zip=01;31:*.z=01;31:*.Z=01;31:*.dz=01;31:*.gz=01;31:*.lz=01;31:*.xz=01;31:*.bz2=01;31:*.bz=01;31:*.tbz=01;31:*.tbz2=01;31:*.tz=01;31:*.deb=01;31:*.rpm=01;31:*.jar=01;31:*.war=01;31:*.ear=01;31:*.sar=01;31:*.rar=01;31:*.ace=01;31:*.zoo=01;31:*.cpio=01;31:*.7z=01;31:*.rz=01;31:*.jpg=01;35:*.jpeg=01;35:*.gif=01;35:*.bmp=01;35:*.pbm=01;35:*.pgm=01;35:*.ppm=01;35:*.tga=01;35:*.xbm=01;35:*.xpm=01;35:*.tif=01;35:*.tiff=01;35:*.png=01;35:*.svg=01;35:*.svgz=01;35:*.mng=01;35:*.pcx=01;35:*.mov=01;35:*.mpg=01;35:*.mpeg=01;35:*.m2v=01;35:*.mkv=01;35:*.webm=01;35:*.ogm=01;35:*.mp4=01;35:*.m4v=01;35:*.mp4v=01;35:*.vob=01;35:*.qt=01;35:*.nuv=01;35:*.wmv=01;35:*.asf=01;35:*.rm=01;35:*.rmvb=01;35:*.flc=01;35:*.avi=01;35:*.fli=01;35:*.flv=01;35:*.gl=01;35:*.dl=01;35:*.xcf=01;35:*.xwd=01;35:*.yuv=01;35:*.cgm=01;35:*.emf=01;35:*.axv=01;35:*.anx=01;35:*.ogv=01;35:*.ogx=01;35:*.aac=00;36:*.au=00;36:*.flac=00;36:*.mid=00;36:*.midi=00;36:*.mka=00;36:*.mp3=00;36:*.mpc=00;36:*.ogg=00;36:*.ra=00;36:*.wav=00;36:*.axa=00;36:*.oga=00;36:*.spx=00;36:*.xspf=00;36:
MANDATORY_PATH=/usr/share/gconf/ubuntu.mandatory.path
NLSPATH=/usr/dt/lib/nls/msg/%L/%N.cat
NODE_PATH=/usr/lib/nodejs:/usr/lib/node_modules:/usr/share/javascript
ORIGEXEC=bash
PATH=/home/yadu/src/swift-on-cloud/swift-cloud-tutorial/bin:/home/yadu/src/swift-on-cloud/swift-cloud-tutorial/app:/home/yadu/src/swift-on-cloud/swift-cloud-tutorial/bin:/home/yadu/src/swift-on-cloud/swift-cloud-tutorial/app:/home/yadu/src/google-cloud-sdk/bin:/home/yadu/src/swift-trunk/cog/modules/swift/dist/swift-svn/bin:/home/yadu/bin/jdk1.7.0_25/bin:/home/yadu/bin:/usr/local/sbin:/usr/local/bin:/usr/sbin:/usr/bin:/sbin:/bin:/usr/games:/usr/local/games:/home/yadu/cctools/bin:/sbin:/bin:/usr/bin
PWD=/tmp/swiftwork/p4-run003/jobs/u/bash-u0vlb1ql
QT4_IM_MODULE=xim
QT_QPA_PLATFORMTHEME=appmenu-qt5
SELINUX_INIT=YES
SESSIONTYPE=gnome-session
SHELL=/bin/bash
SHLVL=4
SSH_AGENT_LAUNCHER=upstart
SSH_AGENT_PID=2155
SSH_AUTH_SOCK=/run/user/1000/keyring-5BZG4N/ssh
SWIFT_JOB_SLOT=0
SWIFT_SITE_CONF=/home/yadu/src/swift-trunk/cog/modules/swift/dist/swift-svn/etc/templates
SWIFT_WORKER_PID=10879
TERM=xterm
TEXTDOMAIN=im-config
TEXTDOMAINDIR=/usr/share/locale/
UBUNTU_MENUPROXY=1
UPSTART_EVENTS=started starting
UPSTART_INSTANCE=
UPSTART_JOB=unity-settings-daemon
UPSTART_SESSION=unix:abstract=/com/ubuntu/upstart-session/1000/2102
USER=yadu
VTE_VERSION=3409
WINDOWID=71463281
WORKER_LOGGING_LEVEL=NONE
XAUTHORITY=/home/yadu/.Xauthority
XDG_CONFIG_DIRS=/etc/xdg/xdg-ubuntu:/usr/share/upstart/xdg:/etc/xdg
XDG_CURRENT_DESKTOP=Unity
XDG_DATA_DIRS=/usr/share/ubuntu:/usr/share/gnome:/usr/local/share/:/usr/share/
XDG_GREETER_DATA_DIR=/var/lib/lightdm-data/yadu
XDG_RUNTIME_DIR=/run/user/1000
XDG_SEAT=seat0
XDG_SEAT_PATH=/org/freedesktop/DisplayManager/Seat0
XDG_SESSION_ID=c2
XDG_SESSION_PATH=/org/freedesktop/DisplayManager/Session0
XDG_VTNR=7
XFILESEARCHPATH=/usr/dt/app-defaults/%L/Dt
XMODIFIERS=@im=none
_=/usr/bin/printenv
